{"timestamp":"2025-07-21T16:37:49.954403","level":"info","event":"DAG bundles loaded: dags-folder, example_dags","logger":"airflow.dag_processing.bundles.manager.DagBundlesManager"}
{"timestamp":"2025-07-21T16:37:49.955039","level":"info","event":"Filling up the DagBag from /opt/airflow/dags/Lasya_Project_1_DAG.py","logger":"airflow.models.dagbag.DagBag"}
{"timestamp":"2025-07-21T16:37:50.489705Z","level":"info","event":"Task instance is in running state","chan":"stdout","logger":"task"}
{"timestamp":"2025-07-21T16:37:50.490281Z","level":"info","event":" Previous state of the Task instance: TaskInstanceState.QUEUED","chan":"stdout","logger":"task"}
{"timestamp":"2025-07-21T16:37:50.490791Z","level":"info","event":"Current task name:dbt_seed","chan":"stdout","logger":"task"}
{"timestamp":"2025-07-21T16:37:50.491246Z","level":"info","event":"Dag name:Lasya_Project_1_DAG","chan":"stdout","logger":"task"}
{"timestamp":"2025-07-21T16:37:50.490939","level":"info","event":"Tmp dir root location: /tmp","logger":"airflow.task.hooks.airflow.providers.standard.hooks.subprocess.SubprocessHook"}
{"timestamp":"2025-07-21T16:37:50.492416","level":"info","event":"Running command: ['/usr/bin/bash', '-c', 'cd /opt/airflow/dbt && dbt seed --profiles-dir /opt/airflow/dbt']","logger":"airflow.task.hooks.airflow.providers.standard.hooks.subprocess.SubprocessHook"}
{"timestamp":"2025-07-21T16:37:50.513308","level":"info","event":"Output:","logger":"airflow.task.hooks.airflow.providers.standard.hooks.subprocess.SubprocessHook"}
{"timestamp":"2025-07-21T16:37:53.845096","level":"info","event":"\u001b[0m16:37:53  Running with dbt=1.7.9","logger":"airflow.task.hooks.airflow.providers.standard.hooks.subprocess.SubprocessHook"}
{"timestamp":"2025-07-21T16:37:55.623693","level":"info","event":"\u001b[0m16:37:55  Registered adapter: snowflake=1.7.2","logger":"airflow.task.hooks.airflow.providers.standard.hooks.subprocess.SubprocessHook"}
{"timestamp":"2025-07-21T16:37:55.670102","level":"info","event":"\u001b[0m16:37:55  Unable to do partial parsing because of a version mismatch","logger":"airflow.task.hooks.airflow.providers.standard.hooks.subprocess.SubprocessHook"}
{"timestamp":"2025-07-21T16:37:57.513397","level":"info","event":"\u001b[0m16:37:57  Found 7 models, 3 seeds, 20 tests, 0 sources, 0 exposures, 0 metrics, 430 macros, 0 groups, 0 semantic models","logger":"airflow.task.hooks.airflow.providers.standard.hooks.subprocess.SubprocessHook"}
{"timestamp":"2025-07-21T16:37:57.519479","level":"info","event":"\u001b[0m16:37:57","logger":"airflow.task.hooks.airflow.providers.standard.hooks.subprocess.SubprocessHook"}
{"timestamp":"2025-07-21T16:38:00.621204","level":"info","event":"\u001b[0m16:38:00  Concurrency: 1 threads (target='dev')","logger":"airflow.task.hooks.airflow.providers.standard.hooks.subprocess.SubprocessHook"}
{"timestamp":"2025-07-21T16:38:00.622028","level":"info","event":"\u001b[0m16:38:00","logger":"airflow.task.hooks.airflow.providers.standard.hooks.subprocess.SubprocessHook"}
{"timestamp":"2025-07-21T16:38:00.635238","level":"info","event":"\u001b[0m16:38:00  1 of 3 START seed file PUBLIC.customers ........................................ [RUN]","logger":"airflow.task.hooks.airflow.providers.standard.hooks.subprocess.SubprocessHook"}
{"timestamp":"2025-07-21T16:38:03.401545","level":"info","event":"\u001b[0m16:38:03  1 of 3 OK loaded seed file PUBLIC.customers .................................... [\u001b[32mINSERT 2\u001b[0m in 2.76s]","logger":"airflow.task.hooks.airflow.providers.standard.hooks.subprocess.SubprocessHook"}
{"timestamp":"2025-07-21T16:38:03.406879","level":"info","event":"\u001b[0m16:38:03  2 of 3 START seed file PUBLIC.orders ........................................... [RUN]","logger":"airflow.task.hooks.airflow.providers.standard.hooks.subprocess.SubprocessHook"}
{"timestamp":"2025-07-21T16:38:05.926861","level":"info","event":"\u001b[0m16:38:05  2 of 3 OK loaded seed file PUBLIC.orders ....................................... [\u001b[32mINSERT 2\u001b[0m in 2.52s]","logger":"airflow.task.hooks.airflow.providers.standard.hooks.subprocess.SubprocessHook"}
{"timestamp":"2025-07-21T16:38:05.931495","level":"info","event":"\u001b[0m16:38:05  3 of 3 START seed file PUBLIC.products ......................................... [RUN]","logger":"airflow.task.hooks.airflow.providers.standard.hooks.subprocess.SubprocessHook"}
{"timestamp":"2025-07-21T16:38:08.457085","level":"info","event":"\u001b[0m16:38:08  3 of 3 OK loaded seed file PUBLIC.products ..................................... [\u001b[32mINSERT 2\u001b[0m in 2.52s]","logger":"airflow.task.hooks.airflow.providers.standard.hooks.subprocess.SubprocessHook"}
{"timestamp":"2025-07-21T16:38:08.467194","level":"info","event":"\u001b[0m16:38:08","logger":"airflow.task.hooks.airflow.providers.standard.hooks.subprocess.SubprocessHook"}
{"timestamp":"2025-07-21T16:38:08.468658","level":"info","event":"\u001b[0m16:38:08  Finished running 3 seeds in 0 hours 0 minutes and 10.95 seconds (10.95s).","logger":"airflow.task.hooks.airflow.providers.standard.hooks.subprocess.SubprocessHook"}
{"timestamp":"2025-07-21T16:38:08.515662","level":"info","event":"\u001b[0m16:38:08","logger":"airflow.task.hooks.airflow.providers.standard.hooks.subprocess.SubprocessHook"}
{"timestamp":"2025-07-21T16:38:08.517723","level":"info","event":"\u001b[0m16:38:08  \u001b[32mCompleted successfully\u001b[0m","logger":"airflow.task.hooks.airflow.providers.standard.hooks.subprocess.SubprocessHook"}
{"timestamp":"2025-07-21T16:38:08.519742","level":"info","event":"\u001b[0m16:38:08","logger":"airflow.task.hooks.airflow.providers.standard.hooks.subprocess.SubprocessHook"}
{"timestamp":"2025-07-21T16:38:08.521617","level":"info","event":"\u001b[0m16:38:08  Done. PASS=3 WARN=0 ERROR=0 SKIP=0 TOTAL=3","logger":"airflow.task.hooks.airflow.providers.standard.hooks.subprocess.SubprocessHook"}
{"timestamp":"2025-07-21T16:38:09.633161","level":"info","event":"Command exited with return code 0","logger":"airflow.task.hooks.airflow.providers.standard.hooks.subprocess.SubprocessHook"}
{"timestamp":"2025-07-21T16:38:09.634323","level":"info","event":"Pushing xcom","ti":"RuntimeTaskInstance(id=UUID('01982dd9-2c16-77e4-b6f8-832838a97a3b'), task_id='dbt_seed', dag_id='Lasya_Project_1_DAG', run_id='manual__2025-07-21T16:37:43.864453+00:00', try_number=1, map_index=-1, hostname='d4065fed1cc7', context_carrier={}, task=<Task(BashOperator): dbt_seed>, bundle_instance=LocalDagBundle(name=dags-folder), max_tries=1, start_date=datetime.datetime(2025, 7, 21, 16, 37, 47, 187106, tzinfo=datetime.timezone.utc), end_date=None, state=<TaskInstanceState.RUNNING: 'running'>, is_mapped=False, rendered_map_index=None, log_url='http://localhost:8080/dags/Lasya_Project_1_DAG/runs/manual__2025-07-21T16%3A37%3A43.864453%2B00%3A00/tasks/dbt_seed?try_number=1')","logger":"task"}
{"timestamp":"2025-07-21T16:38:09.680184Z","level":"info","event":"Task instance in success state","chan":"stdout","logger":"task"}
{"timestamp":"2025-07-21T16:38:09.680805Z","level":"info","event":" Previous state of the Task instance: TaskInstanceState.RUNNING","chan":"stdout","logger":"task"}
{"timestamp":"2025-07-21T16:38:09.681575Z","level":"info","event":"Task operator:<Task(BashOperator): dbt_seed>","chan":"stdout","logger":"task"}
