{"timestamp":"2025-07-21T16:46:31.793797","level":"info","event":"DAG bundles loaded: dags-folder, example_dags","logger":"airflow.dag_processing.bundles.manager.DagBundlesManager"}
{"timestamp":"2025-07-21T16:46:31.794721","level":"info","event":"Filling up the DagBag from /opt/airflow/dags/Lasya_Project_1_DAG.py","logger":"airflow.models.dagbag.DagBag"}
{"timestamp":"2025-07-21T16:46:31.839284Z","level":"info","event":"Task instance is in running state","chan":"stdout","logger":"task"}
{"timestamp":"2025-07-21T16:46:31.840427Z","level":"info","event":" Previous state of the Task instance: TaskInstanceState.QUEUED","chan":"stdout","logger":"task"}
{"timestamp":"2025-07-21T16:46:31.841006Z","level":"info","event":"Current task name:dbt_seed","chan":"stdout","logger":"task"}
{"timestamp":"2025-07-21T16:46:31.841593Z","level":"info","event":"Dag name:Lasya_Project_1_DAG","chan":"stdout","logger":"task"}
{"timestamp":"2025-07-21T16:46:31.841175","level":"info","event":"Tmp dir root location: /tmp","logger":"airflow.task.hooks.airflow.providers.standard.hooks.subprocess.SubprocessHook"}
{"timestamp":"2025-07-21T16:46:31.843521","level":"info","event":"Running command: ['/usr/bin/bash', '-c', 'cd /opt/airflow/dbt && dbt seed --profiles-dir /opt/airflow/dbt']","logger":"airflow.task.hooks.airflow.providers.standard.hooks.subprocess.SubprocessHook"}
{"timestamp":"2025-07-21T16:46:31.867418","level":"info","event":"Output:","logger":"airflow.task.hooks.airflow.providers.standard.hooks.subprocess.SubprocessHook"}
{"timestamp":"2025-07-21T16:46:34.914245","level":"info","event":"\u001b[0m16:46:34  Running with dbt=1.7.9","logger":"airflow.task.hooks.airflow.providers.standard.hooks.subprocess.SubprocessHook"}
{"timestamp":"2025-07-21T16:46:36.032187","level":"info","event":"\u001b[0m16:46:36  Registered adapter: snowflake=1.7.2","logger":"airflow.task.hooks.airflow.providers.standard.hooks.subprocess.SubprocessHook"}
{"timestamp":"2025-07-21T16:46:36.532709","level":"info","event":"\u001b[0m16:46:36  Found 7 models, 20 tests, 3 seeds, 0 sources, 0 exposures, 0 metrics, 430 macros, 0 groups, 0 semantic models","logger":"airflow.task.hooks.airflow.providers.standard.hooks.subprocess.SubprocessHook"}
{"timestamp":"2025-07-21T16:46:36.537645","level":"info","event":"\u001b[0m16:46:36","logger":"airflow.task.hooks.airflow.providers.standard.hooks.subprocess.SubprocessHook"}
{"timestamp":"2025-07-21T16:46:37.749150","level":"info","event":"\u001b[0m16:46:37  Concurrency: 1 threads (target='dev')","logger":"airflow.task.hooks.airflow.providers.standard.hooks.subprocess.SubprocessHook"}
{"timestamp":"2025-07-21T16:46:37.750024","level":"info","event":"\u001b[0m16:46:37","logger":"airflow.task.hooks.airflow.providers.standard.hooks.subprocess.SubprocessHook"}
{"timestamp":"2025-07-21T16:46:37.764035","level":"info","event":"\u001b[0m16:46:37  1 of 3 START seed file PUBLIC.customers ........................................ [RUN]","logger":"airflow.task.hooks.airflow.providers.standard.hooks.subprocess.SubprocessHook"}
{"timestamp":"2025-07-21T16:46:39.186119","level":"info","event":"\u001b[0m16:46:39  1 of 3 OK loaded seed file PUBLIC.customers .................................... [\u001b[32mINSERT 4\u001b[0m in 1.42s]","logger":"airflow.task.hooks.airflow.providers.standard.hooks.subprocess.SubprocessHook"}
{"timestamp":"2025-07-21T16:46:39.188962","level":"info","event":"\u001b[0m16:46:39  2 of 3 START seed file PUBLIC.orders ........................................... [RUN]","logger":"airflow.task.hooks.airflow.providers.standard.hooks.subprocess.SubprocessHook"}
{"timestamp":"2025-07-21T16:46:40.551537","level":"info","event":"\u001b[0m16:46:40  2 of 3 OK loaded seed file PUBLIC.orders ....................................... [\u001b[32mINSERT 5\u001b[0m in 1.36s]","logger":"airflow.task.hooks.airflow.providers.standard.hooks.subprocess.SubprocessHook"}
{"timestamp":"2025-07-21T16:46:40.555080","level":"info","event":"\u001b[0m16:46:40  3 of 3 START seed file PUBLIC.products ......................................... [RUN]","logger":"airflow.task.hooks.airflow.providers.standard.hooks.subprocess.SubprocessHook"}
{"timestamp":"2025-07-21T16:46:42.406513","level":"info","event":"\u001b[0m16:46:42  3 of 3 OK loaded seed file PUBLIC.products ..................................... [\u001b[32mINSERT 4\u001b[0m in 1.85s]","logger":"airflow.task.hooks.airflow.providers.standard.hooks.subprocess.SubprocessHook"}
{"timestamp":"2025-07-21T16:46:42.412825","level":"info","event":"\u001b[0m16:46:42","logger":"airflow.task.hooks.airflow.providers.standard.hooks.subprocess.SubprocessHook"}
{"timestamp":"2025-07-21T16:46:42.414291","level":"info","event":"\u001b[0m16:46:42  Finished running 3 seeds in 0 hours 0 minutes and 5.87 seconds (5.87s).","logger":"airflow.task.hooks.airflow.providers.standard.hooks.subprocess.SubprocessHook"}
{"timestamp":"2025-07-21T16:46:42.446163","level":"info","event":"\u001b[0m16:46:42","logger":"airflow.task.hooks.airflow.providers.standard.hooks.subprocess.SubprocessHook"}
{"timestamp":"2025-07-21T16:46:42.447388","level":"info","event":"\u001b[0m16:46:42  \u001b[32mCompleted successfully\u001b[0m","logger":"airflow.task.hooks.airflow.providers.standard.hooks.subprocess.SubprocessHook"}
{"timestamp":"2025-07-21T16:46:42.448848","level":"info","event":"\u001b[0m16:46:42","logger":"airflow.task.hooks.airflow.providers.standard.hooks.subprocess.SubprocessHook"}
{"timestamp":"2025-07-21T16:46:42.450220","level":"info","event":"\u001b[0m16:46:42  Done. PASS=3 WARN=0 ERROR=0 SKIP=0 TOTAL=3","logger":"airflow.task.hooks.airflow.providers.standard.hooks.subprocess.SubprocessHook"}
{"timestamp":"2025-07-21T16:46:43.465321","level":"info","event":"Command exited with return code 0","logger":"airflow.task.hooks.airflow.providers.standard.hooks.subprocess.SubprocessHook"}
{"timestamp":"2025-07-21T16:46:43.466447","level":"info","event":"Pushing xcom","ti":"RuntimeTaskInstance(id=UUID('01982de1-33ae-75eb-8b1f-df1dfdc783ab'), task_id='dbt_seed', dag_id='Lasya_Project_1_DAG', run_id='manual__2025-07-21T16:46:30.298824+00:00', try_number=1, map_index=-1, hostname='d4065fed1cc7', context_carrier={}, task=<Task(BashOperator): dbt_seed>, bundle_instance=LocalDagBundle(name=dags-folder), max_tries=1, start_date=datetime.datetime(2025, 7, 21, 16, 46, 31, 211966, tzinfo=datetime.timezone.utc), end_date=None, state=<TaskInstanceState.RUNNING: 'running'>, is_mapped=False, rendered_map_index=None, log_url='http://localhost:8080/dags/Lasya_Project_1_DAG/runs/manual__2025-07-21T16%3A46%3A30.298824%2B00%3A00/tasks/dbt_seed?try_number=1')","logger":"task"}
{"timestamp":"2025-07-21T16:46:43.513366Z","level":"info","event":"Task instance in success state","chan":"stdout","logger":"task"}
{"timestamp":"2025-07-21T16:46:43.513977Z","level":"info","event":" Previous state of the Task instance: TaskInstanceState.RUNNING","chan":"stdout","logger":"task"}
{"timestamp":"2025-07-21T16:46:43.514527Z","level":"info","event":"Task operator:<Task(BashOperator): dbt_seed>","chan":"stdout","logger":"task"}
