{"timestamp":"2025-07-21T16:38:35.966048","level":"info","event":"DAG bundles loaded: dags-folder, example_dags","logger":"airflow.dag_processing.bundles.manager.DagBundlesManager"}
{"timestamp":"2025-07-21T16:38:35.966742","level":"info","event":"Filling up the DagBag from /opt/airflow/dags/Lasya_Project_1_DAG.py","logger":"airflow.models.dagbag.DagBag"}
{"timestamp":"2025-07-21T16:38:36.026822Z","level":"info","event":"Task instance is in running state","chan":"stdout","logger":"task"}
{"timestamp":"2025-07-21T16:38:36.027484Z","level":"info","event":" Previous state of the Task instance: TaskInstanceState.QUEUED","chan":"stdout","logger":"task"}
{"timestamp":"2025-07-21T16:38:36.028011Z","level":"info","event":"Current task name:dbt_run","chan":"stdout","logger":"task"}
{"timestamp":"2025-07-21T16:38:36.028372Z","level":"info","event":"Dag name:Lasya_Project_1_DAG","chan":"stdout","logger":"task"}
{"timestamp":"2025-07-21T16:38:36.027816","level":"info","event":"Tmp dir root location: /tmp","logger":"airflow.task.hooks.airflow.providers.standard.hooks.subprocess.SubprocessHook"}
{"timestamp":"2025-07-21T16:38:36.029709","level":"info","event":"Running command: ['/usr/bin/bash', '-c', 'cd /opt/airflow/dbt && dbt run --profiles-dir /opt/airflow/dbt']","logger":"airflow.task.hooks.airflow.providers.standard.hooks.subprocess.SubprocessHook"}
{"timestamp":"2025-07-21T16:38:36.051723","level":"info","event":"Output:","logger":"airflow.task.hooks.airflow.providers.standard.hooks.subprocess.SubprocessHook"}
{"timestamp":"2025-07-21T16:38:39.229768","level":"info","event":"\u001b[0m16:38:39  Running with dbt=1.7.9","logger":"airflow.task.hooks.airflow.providers.standard.hooks.subprocess.SubprocessHook"}
{"timestamp":"2025-07-21T16:38:40.482943","level":"info","event":"\u001b[0m16:38:40  Registered adapter: snowflake=1.7.2","logger":"airflow.task.hooks.airflow.providers.standard.hooks.subprocess.SubprocessHook"}
{"timestamp":"2025-07-21T16:38:40.998002","level":"info","event":"\u001b[0m16:38:40  Found 7 models, 3 seeds, 20 tests, 0 sources, 0 exposures, 0 metrics, 430 macros, 0 groups, 0 semantic models","logger":"airflow.task.hooks.airflow.providers.standard.hooks.subprocess.SubprocessHook"}
{"timestamp":"2025-07-21T16:38:41.004381","level":"info","event":"\u001b[0m16:38:41","logger":"airflow.task.hooks.airflow.providers.standard.hooks.subprocess.SubprocessHook"}
{"timestamp":"2025-07-21T16:38:42.084383","level":"info","event":"\u001b[0m16:38:42  Concurrency: 1 threads (target='dev')","logger":"airflow.task.hooks.airflow.providers.standard.hooks.subprocess.SubprocessHook"}
{"timestamp":"2025-07-21T16:38:42.086453","level":"info","event":"\u001b[0m16:38:42","logger":"airflow.task.hooks.airflow.providers.standard.hooks.subprocess.SubprocessHook"}
{"timestamp":"2025-07-21T16:38:42.107704","level":"info","event":"\u001b[0m16:38:42  1 of 7 START sql view model PUBLIC.stg_customers ............................... [RUN]","logger":"airflow.task.hooks.airflow.providers.standard.hooks.subprocess.SubprocessHook"}
{"timestamp":"2025-07-21T16:38:42.900847","level":"info","event":"\u001b[0m16:38:42  1 of 7 OK created sql view model PUBLIC.stg_customers .......................... [\u001b[32mSUCCESS 1\u001b[0m in 0.79s]","logger":"airflow.task.hooks.airflow.providers.standard.hooks.subprocess.SubprocessHook"}
{"timestamp":"2025-07-21T16:38:42.905548","level":"info","event":"\u001b[0m16:38:42  2 of 7 START sql view model PUBLIC.stg_orders .................................. [RUN]","logger":"airflow.task.hooks.airflow.providers.standard.hooks.subprocess.SubprocessHook"}
{"timestamp":"2025-07-21T16:38:43.444606","level":"info","event":"\u001b[0m16:38:43  2 of 7 OK created sql view model PUBLIC.stg_orders ............................. [\u001b[32mSUCCESS 1\u001b[0m in 0.54s]","logger":"airflow.task.hooks.airflow.providers.standard.hooks.subprocess.SubprocessHook"}
{"timestamp":"2025-07-21T16:38:43.448976","level":"info","event":"\u001b[0m16:38:43  3 of 7 START sql view model PUBLIC.stg_products ................................ [RUN]","logger":"airflow.task.hooks.airflow.providers.standard.hooks.subprocess.SubprocessHook"}
{"timestamp":"2025-07-21T16:38:43.999965","level":"info","event":"\u001b[0m16:38:43  3 of 7 OK created sql view model PUBLIC.stg_products ........................... [\u001b[32mSUCCESS 1\u001b[0m in 0.55s]","logger":"airflow.task.hooks.airflow.providers.standard.hooks.subprocess.SubprocessHook"}
{"timestamp":"2025-07-21T16:38:44.003984","level":"info","event":"\u001b[0m16:38:44  4 of 7 START sql view model PUBLIC.dim_customers ............................... [RUN]","logger":"airflow.task.hooks.airflow.providers.standard.hooks.subprocess.SubprocessHook"}
{"timestamp":"2025-07-21T16:38:44.623739","level":"info","event":"\u001b[0m16:38:44  4 of 7 OK created sql view model PUBLIC.dim_customers .......................... [\u001b[32mSUCCESS 1\u001b[0m in 0.62s]","logger":"airflow.task.hooks.airflow.providers.standard.hooks.subprocess.SubprocessHook"}
{"timestamp":"2025-07-21T16:38:44.628219","level":"info","event":"\u001b[0m16:38:44  5 of 7 START sql view model PUBLIC.dim_products ................................ [RUN]","logger":"airflow.task.hooks.airflow.providers.standard.hooks.subprocess.SubprocessHook"}
{"timestamp":"2025-07-21T16:38:45.397361","level":"info","event":"\u001b[0m16:38:45  5 of 7 OK created sql view model PUBLIC.dim_products ........................... [\u001b[32mSUCCESS 1\u001b[0m in 0.76s]","logger":"airflow.task.hooks.airflow.providers.standard.hooks.subprocess.SubprocessHook"}
{"timestamp":"2025-07-21T16:38:45.406388","level":"info","event":"\u001b[0m16:38:45  6 of 7 START sql view model PUBLIC.fct_sales ................................... [RUN]","logger":"airflow.task.hooks.airflow.providers.standard.hooks.subprocess.SubprocessHook"}
{"timestamp":"2025-07-21T16:38:46.146728","level":"info","event":"\u001b[0m16:38:46  6 of 7 OK created sql view model PUBLIC.fct_sales .............................. [\u001b[32mSUCCESS 1\u001b[0m in 0.74s]","logger":"airflow.task.hooks.airflow.providers.standard.hooks.subprocess.SubprocessHook"}
{"timestamp":"2025-07-21T16:38:46.151626","level":"info","event":"\u001b[0m16:38:46  7 of 7 START sql view model PUBLIC.rpt_sales_by_region ......................... [RUN]","logger":"airflow.task.hooks.airflow.providers.standard.hooks.subprocess.SubprocessHook"}
{"timestamp":"2025-07-21T16:38:46.732375","level":"info","event":"\u001b[0m16:38:46  7 of 7 OK created sql view model PUBLIC.rpt_sales_by_region .................... [\u001b[32mSUCCESS 1\u001b[0m in 0.58s]","logger":"airflow.task.hooks.airflow.providers.standard.hooks.subprocess.SubprocessHook"}
{"timestamp":"2025-07-21T16:38:46.739011","level":"info","event":"\u001b[0m16:38:46","logger":"airflow.task.hooks.airflow.providers.standard.hooks.subprocess.SubprocessHook"}
{"timestamp":"2025-07-21T16:38:46.740253","level":"info","event":"\u001b[0m16:38:46  Finished running 7 view models in 0 hours 0 minutes and 5.73 seconds (5.73s).","logger":"airflow.task.hooks.airflow.providers.standard.hooks.subprocess.SubprocessHook"}
{"timestamp":"2025-07-21T16:38:46.851443","level":"info","event":"\u001b[0m16:38:46","logger":"airflow.task.hooks.airflow.providers.standard.hooks.subprocess.SubprocessHook"}
{"timestamp":"2025-07-21T16:38:46.852814","level":"info","event":"\u001b[0m16:38:46  \u001b[32mCompleted successfully\u001b[0m","logger":"airflow.task.hooks.airflow.providers.standard.hooks.subprocess.SubprocessHook"}
{"timestamp":"2025-07-21T16:38:46.853983","level":"info","event":"\u001b[0m16:38:46","logger":"airflow.task.hooks.airflow.providers.standard.hooks.subprocess.SubprocessHook"}
{"timestamp":"2025-07-21T16:38:46.855079","level":"info","event":"\u001b[0m16:38:46  Done. PASS=7 WARN=0 ERROR=0 SKIP=0 TOTAL=7","logger":"airflow.task.hooks.airflow.providers.standard.hooks.subprocess.SubprocessHook"}
{"timestamp":"2025-07-21T16:38:48.095679","level":"info","event":"Command exited with return code 0","logger":"airflow.task.hooks.airflow.providers.standard.hooks.subprocess.SubprocessHook"}
{"timestamp":"2025-07-21T16:38:48.097476","level":"info","event":"Pushing xcom","ti":"RuntimeTaskInstance(id=UUID('01982dd4-f4ca-7e44-b07c-6012498d7f67'), task_id='dbt_run', dag_id='Lasya_Project_1_DAG', run_id='manual__2025-07-21T16:33:07.755445+00:00', try_number=1, map_index=-1, hostname='d4065fed1cc7', context_carrier={}, task=<Task(BashOperator): dbt_run>, bundle_instance=LocalDagBundle(name=dags-folder), max_tries=1, start_date=datetime.datetime(2025, 7, 21, 16, 38, 34, 395666, tzinfo=datetime.timezone.utc), end_date=None, state=<TaskInstanceState.RUNNING: 'running'>, is_mapped=False, rendered_map_index=None, log_url='http://localhost:8080/dags/Lasya_Project_1_DAG/runs/manual__2025-07-21T16%3A33%3A07.755445%2B00%3A00/tasks/dbt_run?try_number=1')","logger":"task"}
{"timestamp":"2025-07-21T16:38:48.130229Z","level":"info","event":"Task instance in success state","chan":"stdout","logger":"task"}
{"timestamp":"2025-07-21T16:38:48.131690Z","level":"info","event":" Previous state of the Task instance: TaskInstanceState.RUNNING","chan":"stdout","logger":"task"}
{"timestamp":"2025-07-21T16:38:48.132146Z","level":"info","event":"Task operator:<Task(BashOperator): dbt_run>","chan":"stdout","logger":"task"}
