{"timestamp":"2025-07-21T16:38:20.810590","level":"info","event":"DAG bundles loaded: dags-folder, example_dags","logger":"airflow.dag_processing.bundles.manager.DagBundlesManager"}
{"timestamp":"2025-07-21T16:38:20.811705","level":"info","event":"Filling up the DagBag from /opt/airflow/dags/Lasya_Project_1_DAG.py","logger":"airflow.models.dagbag.DagBag"}
{"timestamp":"2025-07-21T16:38:20.854076Z","level":"info","event":"Task instance is in running state","chan":"stdout","logger":"task"}
{"timestamp":"2025-07-21T16:38:20.854817Z","level":"info","event":" Previous state of the Task instance: TaskInstanceState.QUEUED","chan":"stdout","logger":"task"}
{"timestamp":"2025-07-21T16:38:20.855485Z","level":"info","event":"Current task name:dbt_seed","chan":"stdout","logger":"task"}
{"timestamp":"2025-07-21T16:38:20.855995Z","level":"info","event":"Dag name:Lasya_Project_1_DAG","chan":"stdout","logger":"task"}
{"timestamp":"2025-07-21T16:38:20.855484","level":"info","event":"Tmp dir root location: /tmp","logger":"airflow.task.hooks.airflow.providers.standard.hooks.subprocess.SubprocessHook"}
{"timestamp":"2025-07-21T16:38:20.857886","level":"info","event":"Running command: ['/usr/bin/bash', '-c', 'cd /opt/airflow/dbt && dbt seed --profiles-dir /opt/airflow/dbt']","logger":"airflow.task.hooks.airflow.providers.standard.hooks.subprocess.SubprocessHook"}
{"timestamp":"2025-07-21T16:38:20.880628","level":"info","event":"Output:","logger":"airflow.task.hooks.airflow.providers.standard.hooks.subprocess.SubprocessHook"}
{"timestamp":"2025-07-21T16:38:24.211553","level":"info","event":"\u001b[0m16:38:24  Running with dbt=1.7.9","logger":"airflow.task.hooks.airflow.providers.standard.hooks.subprocess.SubprocessHook"}
{"timestamp":"2025-07-21T16:38:25.680254","level":"info","event":"\u001b[0m16:38:25  Registered adapter: snowflake=1.7.2","logger":"airflow.task.hooks.airflow.providers.standard.hooks.subprocess.SubprocessHook"}
{"timestamp":"2025-07-21T16:38:26.089613","level":"info","event":"\u001b[0m16:38:26  Found 7 models, 3 seeds, 20 tests, 0 sources, 0 exposures, 0 metrics, 430 macros, 0 groups, 0 semantic models","logger":"airflow.task.hooks.airflow.providers.standard.hooks.subprocess.SubprocessHook"}
{"timestamp":"2025-07-21T16:38:26.094586","level":"info","event":"\u001b[0m16:38:26","logger":"airflow.task.hooks.airflow.providers.standard.hooks.subprocess.SubprocessHook"}
{"timestamp":"2025-07-21T16:38:26.957518","level":"info","event":"\u001b[0m16:38:26  Concurrency: 1 threads (target='dev')","logger":"airflow.task.hooks.airflow.providers.standard.hooks.subprocess.SubprocessHook"}
{"timestamp":"2025-07-21T16:38:26.959276","level":"info","event":"\u001b[0m16:38:26","logger":"airflow.task.hooks.airflow.providers.standard.hooks.subprocess.SubprocessHook"}
{"timestamp":"2025-07-21T16:38:26.975477","level":"info","event":"\u001b[0m16:38:26  1 of 3 START seed file PUBLIC.customers ........................................ [RUN]","logger":"airflow.task.hooks.airflow.providers.standard.hooks.subprocess.SubprocessHook"}
{"timestamp":"2025-07-21T16:38:28.877736","level":"info","event":"\u001b[0m16:38:28  1 of 3 OK loaded seed file PUBLIC.customers .................................... [\u001b[32mINSERT 2\u001b[0m in 1.90s]","logger":"airflow.task.hooks.airflow.providers.standard.hooks.subprocess.SubprocessHook"}
{"timestamp":"2025-07-21T16:38:28.881379","level":"info","event":"\u001b[0m16:38:28  2 of 3 START seed file PUBLIC.orders ........................................... [RUN]","logger":"airflow.task.hooks.airflow.providers.standard.hooks.subprocess.SubprocessHook"}
{"timestamp":"2025-07-21T16:38:30.640321","level":"info","event":"\u001b[0m16:38:30  2 of 3 OK loaded seed file PUBLIC.orders ....................................... [\u001b[32mINSERT 2\u001b[0m in 1.76s]","logger":"airflow.task.hooks.airflow.providers.standard.hooks.subprocess.SubprocessHook"}
{"timestamp":"2025-07-21T16:38:30.645973","level":"info","event":"\u001b[0m16:38:30  3 of 3 START seed file PUBLIC.products ......................................... [RUN]","logger":"airflow.task.hooks.airflow.providers.standard.hooks.subprocess.SubprocessHook"}
{"timestamp":"2025-07-21T16:38:32.122059","level":"info","event":"\u001b[0m16:38:32  3 of 3 OK loaded seed file PUBLIC.products ..................................... [\u001b[32mINSERT 2\u001b[0m in 1.47s]","logger":"airflow.task.hooks.airflow.providers.standard.hooks.subprocess.SubprocessHook"}
{"timestamp":"2025-07-21T16:38:32.129670","level":"info","event":"\u001b[0m16:38:32","logger":"airflow.task.hooks.airflow.providers.standard.hooks.subprocess.SubprocessHook"}
{"timestamp":"2025-07-21T16:38:32.131590","level":"info","event":"\u001b[0m16:38:32  Finished running 3 seeds in 0 hours 0 minutes and 6.03 seconds (6.03s).","logger":"airflow.task.hooks.airflow.providers.standard.hooks.subprocess.SubprocessHook"}
{"timestamp":"2025-07-21T16:38:32.172179","level":"info","event":"\u001b[0m16:38:32","logger":"airflow.task.hooks.airflow.providers.standard.hooks.subprocess.SubprocessHook"}
{"timestamp":"2025-07-21T16:38:32.173350","level":"info","event":"\u001b[0m16:38:32  \u001b[32mCompleted successfully\u001b[0m","logger":"airflow.task.hooks.airflow.providers.standard.hooks.subprocess.SubprocessHook"}
{"timestamp":"2025-07-21T16:38:32.174475","level":"info","event":"\u001b[0m16:38:32","logger":"airflow.task.hooks.airflow.providers.standard.hooks.subprocess.SubprocessHook"}
{"timestamp":"2025-07-21T16:38:32.175714","level":"info","event":"\u001b[0m16:38:32  Done. PASS=3 WARN=0 ERROR=0 SKIP=0 TOTAL=3","logger":"airflow.task.hooks.airflow.providers.standard.hooks.subprocess.SubprocessHook"}
{"timestamp":"2025-07-21T16:38:33.248070","level":"info","event":"Command exited with return code 0","logger":"airflow.task.hooks.airflow.providers.standard.hooks.subprocess.SubprocessHook"}
{"timestamp":"2025-07-21T16:38:33.250165","level":"info","event":"Pushing xcom","ti":"RuntimeTaskInstance(id=UUID('01982dd5-227e-7aeb-8b84-4d692514d47c'), task_id='dbt_seed', dag_id='Lasya_Project_1_DAG', run_id='manual__2025-07-21T16:33:07.755445+00:00', try_number=2, map_index=-1, hostname='d4065fed1cc7', context_carrier={}, task=<Task(BashOperator): dbt_seed>, bundle_instance=LocalDagBundle(name=dags-folder), max_tries=1, start_date=datetime.datetime(2025, 7, 21, 16, 38, 20, 295136, tzinfo=datetime.timezone.utc), end_date=None, state=<TaskInstanceState.RUNNING: 'running'>, is_mapped=False, rendered_map_index=None, log_url='http://localhost:8080/dags/Lasya_Project_1_DAG/runs/manual__2025-07-21T16%3A33%3A07.755445%2B00%3A00/tasks/dbt_seed?try_number=2')","logger":"task"}
{"timestamp":"2025-07-21T16:38:33.294200Z","level":"info","event":"Task instance in success state","chan":"stdout","logger":"task"}
{"timestamp":"2025-07-21T16:38:33.296933Z","level":"info","event":" Previous state of the Task instance: TaskInstanceState.RUNNING","chan":"stdout","logger":"task"}
{"timestamp":"2025-07-21T16:38:33.297482Z","level":"info","event":"Task operator:<Task(BashOperator): dbt_seed>","chan":"stdout","logger":"task"}
