{"timestamp":"2025-07-21T16:38:10.909452","level":"info","event":"DAG bundles loaded: dags-folder, example_dags","logger":"airflow.dag_processing.bundles.manager.DagBundlesManager"}
{"timestamp":"2025-07-21T16:38:10.910184","level":"info","event":"Filling up the DagBag from /opt/airflow/dags/Lasya_Project_1_DAG.py","logger":"airflow.models.dagbag.DagBag"}
{"timestamp":"2025-07-21T16:38:10.964656Z","level":"info","event":"Task instance is in running state","chan":"stdout","logger":"task"}
{"timestamp":"2025-07-21T16:38:10.965424Z","level":"info","event":" Previous state of the Task instance: TaskInstanceState.QUEUED","chan":"stdout","logger":"task"}
{"timestamp":"2025-07-21T16:38:10.966005Z","level":"info","event":"Current task name:dbt_run","chan":"stdout","logger":"task"}
{"timestamp":"2025-07-21T16:38:10.966445Z","level":"info","event":"Dag name:Lasya_Project_1_DAG","chan":"stdout","logger":"task"}
{"timestamp":"2025-07-21T16:38:10.965939","level":"info","event":"Tmp dir root location: /tmp","logger":"airflow.task.hooks.airflow.providers.standard.hooks.subprocess.SubprocessHook"}
{"timestamp":"2025-07-21T16:38:10.968130","level":"info","event":"Running command: ['/usr/bin/bash', '-c', 'cd /opt/airflow/dbt && dbt run --profiles-dir /opt/airflow/dbt']","logger":"airflow.task.hooks.airflow.providers.standard.hooks.subprocess.SubprocessHook"}
{"timestamp":"2025-07-21T16:38:10.995624","level":"info","event":"Output:","logger":"airflow.task.hooks.airflow.providers.standard.hooks.subprocess.SubprocessHook"}
{"timestamp":"2025-07-21T16:38:13.899091","level":"info","event":"\u001b[0m16:38:13  Running with dbt=1.7.9","logger":"airflow.task.hooks.airflow.providers.standard.hooks.subprocess.SubprocessHook"}
{"timestamp":"2025-07-21T16:38:14.950140","level":"info","event":"\u001b[0m16:38:14  Registered adapter: snowflake=1.7.2","logger":"airflow.task.hooks.airflow.providers.standard.hooks.subprocess.SubprocessHook"}
{"timestamp":"2025-07-21T16:38:15.340213","level":"info","event":"\u001b[0m16:38:15  Found 7 models, 3 seeds, 20 tests, 0 sources, 0 exposures, 0 metrics, 430 macros, 0 groups, 0 semantic models","logger":"airflow.task.hooks.airflow.providers.standard.hooks.subprocess.SubprocessHook"}
{"timestamp":"2025-07-21T16:38:15.345392","level":"info","event":"\u001b[0m16:38:15","logger":"airflow.task.hooks.airflow.providers.standard.hooks.subprocess.SubprocessHook"}
{"timestamp":"2025-07-21T16:38:16.266084","level":"info","event":"\u001b[0m16:38:16  Concurrency: 1 threads (target='dev')","logger":"airflow.task.hooks.airflow.providers.standard.hooks.subprocess.SubprocessHook"}
{"timestamp":"2025-07-21T16:38:16.267069","level":"info","event":"\u001b[0m16:38:16","logger":"airflow.task.hooks.airflow.providers.standard.hooks.subprocess.SubprocessHook"}
{"timestamp":"2025-07-21T16:38:16.296930","level":"info","event":"\u001b[0m16:38:16  1 of 7 START sql view model PUBLIC.stg_customers ............................... [RUN]","logger":"airflow.task.hooks.airflow.providers.standard.hooks.subprocess.SubprocessHook"}
{"timestamp":"2025-07-21T16:38:18.963648","level":"info","event":"\u001b[0m16:38:18  1 of 7 OK created sql view model PUBLIC.stg_customers .......................... [\u001b[32mSUCCESS 1\u001b[0m in 2.66s]","logger":"airflow.task.hooks.airflow.providers.standard.hooks.subprocess.SubprocessHook"}
{"timestamp":"2025-07-21T16:38:18.969796","level":"info","event":"\u001b[0m16:38:18  2 of 7 START sql view model PUBLIC.stg_orders .................................. [RUN]","logger":"airflow.task.hooks.airflow.providers.standard.hooks.subprocess.SubprocessHook"}
{"timestamp":"2025-07-21T16:38:19.648316","level":"info","event":"\u001b[0m16:38:19  2 of 7 OK created sql view model PUBLIC.stg_orders ............................. [\u001b[32mSUCCESS 1\u001b[0m in 0.68s]","logger":"airflow.task.hooks.airflow.providers.standard.hooks.subprocess.SubprocessHook"}
{"timestamp":"2025-07-21T16:38:19.652751","level":"info","event":"\u001b[0m16:38:19  3 of 7 START sql view model PUBLIC.stg_products ................................ [RUN]","logger":"airflow.task.hooks.airflow.providers.standard.hooks.subprocess.SubprocessHook"}
{"timestamp":"2025-07-21T16:38:20.288312","level":"info","event":"\u001b[0m16:38:20  3 of 7 OK created sql view model PUBLIC.stg_products ........................... [\u001b[32mSUCCESS 1\u001b[0m in 0.63s]","logger":"airflow.task.hooks.airflow.providers.standard.hooks.subprocess.SubprocessHook"}
{"timestamp":"2025-07-21T16:38:20.293732","level":"info","event":"\u001b[0m16:38:20  4 of 7 START sql view model PUBLIC.dim_customers ............................... [RUN]","logger":"airflow.task.hooks.airflow.providers.standard.hooks.subprocess.SubprocessHook"}
{"timestamp":"2025-07-21T16:38:21.665465","level":"info","event":"\u001b[0m16:38:21  4 of 7 OK created sql view model PUBLIC.dim_customers .......................... [\u001b[32mSUCCESS 1\u001b[0m in 1.37s]","logger":"airflow.task.hooks.airflow.providers.standard.hooks.subprocess.SubprocessHook"}
{"timestamp":"2025-07-21T16:38:21.670596","level":"info","event":"\u001b[0m16:38:21  5 of 7 START sql view model PUBLIC.dim_products ................................ [RUN]","logger":"airflow.task.hooks.airflow.providers.standard.hooks.subprocess.SubprocessHook"}
{"timestamp":"2025-07-21T16:38:22.282486","level":"info","event":"\u001b[0m16:38:22  5 of 7 OK created sql view model PUBLIC.dim_products ........................... [\u001b[32mSUCCESS 1\u001b[0m in 0.61s]","logger":"airflow.task.hooks.airflow.providers.standard.hooks.subprocess.SubprocessHook"}
{"timestamp":"2025-07-21T16:38:22.289261","level":"info","event":"\u001b[0m16:38:22  6 of 7 START sql view model PUBLIC.fct_sales ................................... [RUN]","logger":"airflow.task.hooks.airflow.providers.standard.hooks.subprocess.SubprocessHook"}
{"timestamp":"2025-07-21T16:38:22.975176","level":"info","event":"\u001b[0m16:38:22  6 of 7 OK created sql view model PUBLIC.fct_sales .............................. [\u001b[32mSUCCESS 1\u001b[0m in 0.68s]","logger":"airflow.task.hooks.airflow.providers.standard.hooks.subprocess.SubprocessHook"}
{"timestamp":"2025-07-21T16:38:22.984407","level":"info","event":"\u001b[0m16:38:22  7 of 7 START sql view model PUBLIC.rpt_sales_by_region ......................... [RUN]","logger":"airflow.task.hooks.airflow.providers.standard.hooks.subprocess.SubprocessHook"}
{"timestamp":"2025-07-21T16:38:23.663054","level":"info","event":"\u001b[0m16:38:23  7 of 7 OK created sql view model PUBLIC.rpt_sales_by_region .................... [\u001b[32mSUCCESS 1\u001b[0m in 0.67s]","logger":"airflow.task.hooks.airflow.providers.standard.hooks.subprocess.SubprocessHook"}
{"timestamp":"2025-07-21T16:38:23.672502","level":"info","event":"\u001b[0m16:38:23","logger":"airflow.task.hooks.airflow.providers.standard.hooks.subprocess.SubprocessHook"}
{"timestamp":"2025-07-21T16:38:23.673783","level":"info","event":"\u001b[0m16:38:23  Finished running 7 view models in 0 hours 0 minutes and 8.33 seconds (8.33s).","logger":"airflow.task.hooks.airflow.providers.standard.hooks.subprocess.SubprocessHook"}
{"timestamp":"2025-07-21T16:38:23.812048","level":"info","event":"\u001b[0m16:38:23","logger":"airflow.task.hooks.airflow.providers.standard.hooks.subprocess.SubprocessHook"}
{"timestamp":"2025-07-21T16:38:23.813165","level":"info","event":"\u001b[0m16:38:23  \u001b[32mCompleted successfully\u001b[0m","logger":"airflow.task.hooks.airflow.providers.standard.hooks.subprocess.SubprocessHook"}
{"timestamp":"2025-07-21T16:38:23.814152","level":"info","event":"\u001b[0m16:38:23","logger":"airflow.task.hooks.airflow.providers.standard.hooks.subprocess.SubprocessHook"}
{"timestamp":"2025-07-21T16:38:23.815099","level":"info","event":"\u001b[0m16:38:23  Done. PASS=7 WARN=0 ERROR=0 SKIP=0 TOTAL=7","logger":"airflow.task.hooks.airflow.providers.standard.hooks.subprocess.SubprocessHook"}
{"timestamp":"2025-07-21T16:38:24.972164","level":"info","event":"Command exited with return code 0","logger":"airflow.task.hooks.airflow.providers.standard.hooks.subprocess.SubprocessHook"}
{"timestamp":"2025-07-21T16:38:24.973618","level":"info","event":"Pushing xcom","ti":"RuntimeTaskInstance(id=UUID('01982dd9-2c17-7dfe-a33b-6b4cb4dbf2d7'), task_id='dbt_run', dag_id='Lasya_Project_1_DAG', run_id='manual__2025-07-21T16:37:43.864453+00:00', try_number=1, map_index=-1, hostname='d4065fed1cc7', context_carrier={}, task=<Task(BashOperator): dbt_run>, bundle_instance=LocalDagBundle(name=dags-folder), max_tries=1, start_date=datetime.datetime(2025, 7, 21, 16, 38, 10, 258975, tzinfo=datetime.timezone.utc), end_date=None, state=<TaskInstanceState.RUNNING: 'running'>, is_mapped=False, rendered_map_index=None, log_url='http://localhost:8080/dags/Lasya_Project_1_DAG/runs/manual__2025-07-21T16%3A37%3A43.864453%2B00%3A00/tasks/dbt_run?try_number=1')","logger":"task"}
{"timestamp":"2025-07-21T16:38:25.040196Z","level":"info","event":"Task instance in success state","chan":"stdout","logger":"task"}
{"timestamp":"2025-07-21T16:38:25.041113Z","level":"info","event":" Previous state of the Task instance: TaskInstanceState.RUNNING","chan":"stdout","logger":"task"}
{"timestamp":"2025-07-21T16:38:25.042482Z","level":"info","event":"Task operator:<Task(BashOperator): dbt_run>","chan":"stdout","logger":"task"}
