{"timestamp":"2025-07-21T16:26:59.459007","level":"info","event":"DAG bundles loaded: dags-folder, example_dags","logger":"airflow.dag_processing.bundles.manager.DagBundlesManager"}
{"timestamp":"2025-07-21T16:26:59.459588","level":"info","event":"Filling up the DagBag from /opt/airflow/dags/Lasya_Project_1_DAG.py","logger":"airflow.models.dagbag.DagBag"}
{"timestamp":"2025-07-21T16:26:59.520499Z","level":"info","event":"Task instance is in running state","chan":"stdout","logger":"task"}
{"timestamp":"2025-07-21T16:26:59.522110Z","level":"info","event":" Previous state of the Task instance: TaskInstanceState.QUEUED","chan":"stdout","logger":"task"}
{"timestamp":"2025-07-21T16:26:59.522747Z","level":"info","event":"Current task name:dbt_seed","chan":"stdout","logger":"task"}
{"timestamp":"2025-07-21T16:26:59.523278Z","level":"info","event":"Dag name:Lasya_Project_1_DAG","chan":"stdout","logger":"task"}
{"timestamp":"2025-07-21T16:26:59.522050","level":"info","event":"Tmp dir root location: /tmp","logger":"airflow.task.hooks.airflow.providers.standard.hooks.subprocess.SubprocessHook"}
{"timestamp":"2025-07-21T16:26:59.524092","level":"info","event":"Running command: ['/usr/bin/bash', '-c', 'cd /opt/airflow/dbt && dbt seed --profiles-dir /opt/airflow/dbt']","logger":"airflow.task.hooks.airflow.providers.standard.hooks.subprocess.SubprocessHook"}
{"timestamp":"2025-07-21T16:26:59.548103","level":"info","event":"Output:","logger":"airflow.task.hooks.airflow.providers.standard.hooks.subprocess.SubprocessHook"}
{"timestamp":"2025-07-21T16:27:02.221089","level":"info","event":"\u001b[0m16:27:02  Running with dbt=1.10.4","logger":"airflow.task.hooks.airflow.providers.standard.hooks.subprocess.SubprocessHook"}
{"timestamp":"2025-07-21T16:27:03.277249","level":"info","event":"\u001b[0m16:27:03  Registered adapter: snowflake=1.10.0","logger":"airflow.task.hooks.airflow.providers.standard.hooks.subprocess.SubprocessHook"}
{"timestamp":"2025-07-21T16:27:04.284470","level":"info","event":"\u001b[0m16:27:04  Encountered an error:","logger":"airflow.task.hooks.airflow.providers.standard.hooks.subprocess.SubprocessHook"}
{"timestamp":"2025-07-21T16:27:04.284644","level":"info","event":"'dbt_snowflake://macros/catalog.sql'","logger":"airflow.task.hooks.airflow.providers.standard.hooks.subprocess.SubprocessHook"}
{"timestamp":"2025-07-21T16:27:04.286439","level":"info","event":"\u001b[0m16:27:04  Traceback (most recent call last):","logger":"airflow.task.hooks.airflow.providers.standard.hooks.subprocess.SubprocessHook"}
{"timestamp":"2025-07-21T16:27:04.286595","level":"info","event":"  File \"/home/airflow/.local/lib/python3.12/site-packages/dbt/cli/requires.py\", line 161, in wrapper","logger":"airflow.task.hooks.airflow.providers.standard.hooks.subprocess.SubprocessHook"}
{"timestamp":"2025-07-21T16:27:04.286676","level":"info","event":"    result, success = func(*args, **kwargs)","logger":"airflow.task.hooks.airflow.providers.standard.hooks.subprocess.SubprocessHook"}
{"timestamp":"2025-07-21T16:27:04.286722","level":"info","event":"                      ^^^^^^^^^^^^^^^^^^^^^","logger":"airflow.task.hooks.airflow.providers.standard.hooks.subprocess.SubprocessHook"}
{"timestamp":"2025-07-21T16:27:04.286779","level":"info","event":"  File \"/home/airflow/.local/lib/python3.12/site-packages/dbt/cli/requires.py\", line 111, in wrapper","logger":"airflow.task.hooks.airflow.providers.standard.hooks.subprocess.SubprocessHook"}
{"timestamp":"2025-07-21T16:27:04.286913","level":"info","event":"    return func(*args, **kwargs)","logger":"airflow.task.hooks.airflow.providers.standard.hooks.subprocess.SubprocessHook"}
{"timestamp":"2025-07-21T16:27:04.286962","level":"info","event":"           ^^^^^^^^^^^^^^^^^^^^^","logger":"airflow.task.hooks.airflow.providers.standard.hooks.subprocess.SubprocessHook"}
{"timestamp":"2025-07-21T16:27:04.287004","level":"info","event":"  File \"/home/airflow/.local/lib/python3.12/site-packages/dbt/cli/requires.py\", line 254, in wrapper","logger":"airflow.task.hooks.airflow.providers.standard.hooks.subprocess.SubprocessHook"}
{"timestamp":"2025-07-21T16:27:04.287049","level":"info","event":"    return func(*args, **kwargs)","logger":"airflow.task.hooks.airflow.providers.standard.hooks.subprocess.SubprocessHook"}
{"timestamp":"2025-07-21T16:27:04.287093","level":"info","event":"           ^^^^^^^^^^^^^^^^^^^^^","logger":"airflow.task.hooks.airflow.providers.standard.hooks.subprocess.SubprocessHook"}
{"timestamp":"2025-07-21T16:27:04.287147","level":"info","event":"  File \"/home/airflow/.local/lib/python3.12/site-packages/dbt/cli/requires.py\", line 285, in wrapper","logger":"airflow.task.hooks.airflow.providers.standard.hooks.subprocess.SubprocessHook"}
{"timestamp":"2025-07-21T16:27:04.287193","level":"info","event":"    return func(*args, **kwargs)","logger":"airflow.task.hooks.airflow.providers.standard.hooks.subprocess.SubprocessHook"}
{"timestamp":"2025-07-21T16:27:04.287242","level":"info","event":"           ^^^^^^^^^^^^^^^^^^^^^","logger":"airflow.task.hooks.airflow.providers.standard.hooks.subprocess.SubprocessHook"}
{"timestamp":"2025-07-21T16:27:04.287299","level":"info","event":"  File \"/home/airflow/.local/lib/python3.12/site-packages/dbt/cli/requires.py\", line 332, in wrapper","logger":"airflow.task.hooks.airflow.providers.standard.hooks.subprocess.SubprocessHook"}
{"timestamp":"2025-07-21T16:27:04.287346","level":"info","event":"    return func(*args, **kwargs)","logger":"airflow.task.hooks.airflow.providers.standard.hooks.subprocess.SubprocessHook"}
{"timestamp":"2025-07-21T16:27:04.287388","level":"info","event":"           ^^^^^^^^^^^^^^^^^^^^^","logger":"airflow.task.hooks.airflow.providers.standard.hooks.subprocess.SubprocessHook"}
{"timestamp":"2025-07-21T16:27:04.287429","level":"info","event":"  File \"/home/airflow/.local/lib/python3.12/site-packages/dbt/cli/requires.py\", line 371, in wrapper","logger":"airflow.task.hooks.airflow.providers.standard.hooks.subprocess.SubprocessHook"}
{"timestamp":"2025-07-21T16:27:04.287468","level":"info","event":"    setup_manifest(ctx, write=write, write_perf_info=write_perf_info)","logger":"airflow.task.hooks.airflow.providers.standard.hooks.subprocess.SubprocessHook"}
{"timestamp":"2025-07-21T16:27:04.287518","level":"info","event":"  File \"/home/airflow/.local/lib/python3.12/site-packages/dbt/cli/requires.py\", line 398, in setup_manifest","logger":"airflow.task.hooks.airflow.providers.standard.hooks.subprocess.SubprocessHook"}
{"timestamp":"2025-07-21T16:27:04.287567","level":"info","event":"    ctx.obj[\"manifest\"] = parse_manifest(","logger":"airflow.task.hooks.airflow.providers.standard.hooks.subprocess.SubprocessHook"}
{"timestamp":"2025-07-21T16:27:04.287625","level":"info","event":"                          ^^^^^^^^^^^^^^^","logger":"airflow.task.hooks.airflow.providers.standard.hooks.subprocess.SubprocessHook"}
{"timestamp":"2025-07-21T16:27:04.287668","level":"info","event":"  File \"/home/airflow/.local/lib/python3.12/site-packages/dbt/parser/manifest.py\", line 2115, in parse_manifest","logger":"airflow.task.hooks.airflow.providers.standard.hooks.subprocess.SubprocessHook"}
{"timestamp":"2025-07-21T16:27:04.287715","level":"info","event":"    manifest = ManifestLoader.get_full_manifest(","logger":"airflow.task.hooks.airflow.providers.standard.hooks.subprocess.SubprocessHook"}
{"timestamp":"2025-07-21T16:27:04.287756","level":"info","event":"               ^^^^^^^^^^^^^^^^^^^^^^^^^^^^^^^^^","logger":"airflow.task.hooks.airflow.providers.standard.hooks.subprocess.SubprocessHook"}
{"timestamp":"2025-07-21T16:27:04.287795","level":"info","event":"  File \"/home/airflow/.local/lib/python3.12/site-packages/dbt/parser/manifest.py\", line 315, in get_full_manifest","logger":"airflow.task.hooks.airflow.providers.standard.hooks.subprocess.SubprocessHook"}
{"timestamp":"2025-07-21T16:27:04.287839","level":"info","event":"    manifest = loader.load()","logger":"airflow.task.hooks.airflow.providers.standard.hooks.subprocess.SubprocessHook"}
{"timestamp":"2025-07-21T16:27:04.287899","level":"info","event":"               ^^^^^^^^^^^^^","logger":"airflow.task.hooks.airflow.providers.standard.hooks.subprocess.SubprocessHook"}
{"timestamp":"2025-07-21T16:27:04.287943","level":"info","event":"  File \"/home/airflow/.local/lib/python3.12/site-packages/dbt/parser/manifest.py\", line 384, in load","logger":"airflow.task.hooks.airflow.providers.standard.hooks.subprocess.SubprocessHook"}
{"timestamp":"2025-07-21T16:27:04.287983","level":"info","event":"    self.load_and_parse_macros(project_parser_files)","logger":"airflow.task.hooks.airflow.providers.standard.hooks.subprocess.SubprocessHook"}
{"timestamp":"2025-07-21T16:27:04.288026","level":"info","event":"  File \"/home/airflow/.local/lib/python3.12/site-packages/dbt/parser/manifest.py\", line 686, in load_and_parse_macros","logger":"airflow.task.hooks.airflow.providers.standard.hooks.subprocess.SubprocessHook"}
{"timestamp":"2025-07-21T16:27:04.288070","level":"info","event":"    block = FileBlock(self.manifest.files[file_id])","logger":"airflow.task.hooks.airflow.providers.standard.hooks.subprocess.SubprocessHook"}
{"timestamp":"2025-07-21T16:27:04.288117","level":"info","event":"                      ~~~~~~~~~~~~~~~~~~~^^^^^^^^^","logger":"airflow.task.hooks.airflow.providers.standard.hooks.subprocess.SubprocessHook"}
{"timestamp":"2025-07-21T16:27:04.288167","level":"info","event":"KeyError: 'dbt_snowflake://macros/catalog.sql'","logger":"airflow.task.hooks.airflow.providers.standard.hooks.subprocess.SubprocessHook"}
{"timestamp":"2025-07-21T16:27:04.288212","level":"info","event":"","logger":"airflow.task.hooks.airflow.providers.standard.hooks.subprocess.SubprocessHook"}
{"timestamp":"2025-07-21T16:27:05.206154","level":"info","event":"Command exited with return code 2","logger":"airflow.task.hooks.airflow.providers.standard.hooks.subprocess.SubprocessHook"}
{"timestamp":"2025-07-21T16:27:05.206806","level":"error","event":"Task failed with exception","logger":"task","error_detail":[{"exc_type":"AirflowException","exc_value":"Bash command failed. The command returned a non-zero exit code 2.","exc_notes":[],"syntax_error":null,"is_cause":false,"frames":[{"filename":"/home/airflow/.local/lib/python3.12/site-packages/airflow/sdk/execution_time/task_runner.py","lineno":877,"name":"run"},{"filename":"/home/airflow/.local/lib/python3.12/site-packages/airflow/sdk/execution_time/task_runner.py","lineno":1164,"name":"_execute_task"},{"filename":"/home/airflow/.local/lib/python3.12/site-packages/airflow/sdk/bases/operator.py","lineno":397,"name":"wrapper"},{"filename":"/home/airflow/.local/lib/python3.12/site-packages/airflow/providers/standard/operators/bash.py","lineno":232,"name":"execute"}],"is_group":false,"exceptions":[]}]}
{"timestamp":"2025-07-21T16:27:05.226766Z","level":"info","event":"Task instance in failure state","chan":"stdout","logger":"task"}
{"timestamp":"2025-07-21T16:27:05.227315Z","level":"info","event":"Task start","chan":"stdout","logger":"task"}
{"timestamp":"2025-07-21T16:27:05.227933Z","level":"info","event":"Task:<Task(BashOperator): dbt_seed>","chan":"stdout","logger":"task"}
{"timestamp":"2025-07-21T16:27:05.228462Z","level":"info","event":"Failure caused by Bash command failed. The command returned a non-zero exit code 2.","chan":"stdout","logger":"task"}
