{"timestamp":"2025-07-21T16:46:45.135534","level":"info","event":"DAG bundles loaded: dags-folder, example_dags","logger":"airflow.dag_processing.bundles.manager.DagBundlesManager"}
{"timestamp":"2025-07-21T16:46:45.136263","level":"info","event":"Filling up the DagBag from /opt/airflow/dags/Lasya_Project_1_DAG.py","logger":"airflow.models.dagbag.DagBag"}
{"timestamp":"2025-07-21T16:46:45.176165Z","level":"info","event":"Task instance is in running state","chan":"stdout","logger":"task"}
{"timestamp":"2025-07-21T16:46:45.177077Z","level":"info","event":" Previous state of the Task instance: TaskInstanceState.QUEUED","chan":"stdout","logger":"task"}
{"timestamp":"2025-07-21T16:46:45.177705Z","level":"info","event":"Current task name:dbt_run","chan":"stdout","logger":"task"}
{"timestamp":"2025-07-21T16:46:45.178122Z","level":"info","event":"Dag name:Lasya_Project_1_DAG","chan":"stdout","logger":"task"}
{"timestamp":"2025-07-21T16:46:45.177727","level":"info","event":"Tmp dir root location: /tmp","logger":"airflow.task.hooks.airflow.providers.standard.hooks.subprocess.SubprocessHook"}
{"timestamp":"2025-07-21T16:46:45.179675","level":"info","event":"Running command: ['/usr/bin/bash', '-c', 'cd /opt/airflow/dbt && dbt run --profiles-dir /opt/airflow/dbt']","logger":"airflow.task.hooks.airflow.providers.standard.hooks.subprocess.SubprocessHook"}
{"timestamp":"2025-07-21T16:46:45.199444","level":"info","event":"Output:","logger":"airflow.task.hooks.airflow.providers.standard.hooks.subprocess.SubprocessHook"}
{"timestamp":"2025-07-21T16:46:50.426453","level":"info","event":"\u001b[0m16:46:50  Running with dbt=1.7.9","logger":"airflow.task.hooks.airflow.providers.standard.hooks.subprocess.SubprocessHook"}
{"timestamp":"2025-07-21T16:46:51.680948","level":"info","event":"\u001b[0m16:46:51  Registered adapter: snowflake=1.7.2","logger":"airflow.task.hooks.airflow.providers.standard.hooks.subprocess.SubprocessHook"}
{"timestamp":"2025-07-21T16:46:52.149208","level":"info","event":"\u001b[0m16:46:52  Found 7 models, 20 tests, 3 seeds, 0 sources, 0 exposures, 0 metrics, 430 macros, 0 groups, 0 semantic models","logger":"airflow.task.hooks.airflow.providers.standard.hooks.subprocess.SubprocessHook"}
{"timestamp":"2025-07-21T16:46:52.154786","level":"info","event":"\u001b[0m16:46:52","logger":"airflow.task.hooks.airflow.providers.standard.hooks.subprocess.SubprocessHook"}
{"timestamp":"2025-07-21T16:46:53.060538","level":"info","event":"\u001b[0m16:46:53  Concurrency: 1 threads (target='dev')","logger":"airflow.task.hooks.airflow.providers.standard.hooks.subprocess.SubprocessHook"}
{"timestamp":"2025-07-21T16:46:53.061917","level":"info","event":"\u001b[0m16:46:53","logger":"airflow.task.hooks.airflow.providers.standard.hooks.subprocess.SubprocessHook"}
{"timestamp":"2025-07-21T16:46:53.077073","level":"info","event":"\u001b[0m16:46:53  1 of 7 START sql view model PUBLIC.stg_customers ............................... [RUN]","logger":"airflow.task.hooks.airflow.providers.standard.hooks.subprocess.SubprocessHook"}
{"timestamp":"2025-07-21T16:46:53.673840","level":"info","event":"\u001b[0m16:46:53  1 of 7 OK created sql view model PUBLIC.stg_customers .......................... [\u001b[32mSUCCESS 1\u001b[0m in 0.59s]","logger":"airflow.task.hooks.airflow.providers.standard.hooks.subprocess.SubprocessHook"}
{"timestamp":"2025-07-21T16:46:53.680520","level":"info","event":"\u001b[0m16:46:53  2 of 7 START sql view model PUBLIC.stg_orders .................................. [RUN]","logger":"airflow.task.hooks.airflow.providers.standard.hooks.subprocess.SubprocessHook"}
{"timestamp":"2025-07-21T16:46:54.205613","level":"info","event":"\u001b[0m16:46:54  2 of 7 OK created sql view model PUBLIC.stg_orders ............................. [\u001b[32mSUCCESS 1\u001b[0m in 0.52s]","logger":"airflow.task.hooks.airflow.providers.standard.hooks.subprocess.SubprocessHook"}
{"timestamp":"2025-07-21T16:46:54.208721","level":"info","event":"\u001b[0m16:46:54  3 of 7 START sql view model PUBLIC.stg_products ................................ [RUN]","logger":"airflow.task.hooks.airflow.providers.standard.hooks.subprocess.SubprocessHook"}
{"timestamp":"2025-07-21T16:46:54.702037","level":"info","event":"\u001b[0m16:46:54  3 of 7 OK created sql view model PUBLIC.stg_products ........................... [\u001b[32mSUCCESS 1\u001b[0m in 0.49s]","logger":"airflow.task.hooks.airflow.providers.standard.hooks.subprocess.SubprocessHook"}
{"timestamp":"2025-07-21T16:46:54.705151","level":"info","event":"\u001b[0m16:46:54  4 of 7 START sql view model PUBLIC.dim_customers ............................... [RUN]","logger":"airflow.task.hooks.airflow.providers.standard.hooks.subprocess.SubprocessHook"}
{"timestamp":"2025-07-21T16:46:55.231430","level":"info","event":"\u001b[0m16:46:55  4 of 7 OK created sql view model PUBLIC.dim_customers .......................... [\u001b[32mSUCCESS 1\u001b[0m in 0.52s]","logger":"airflow.task.hooks.airflow.providers.standard.hooks.subprocess.SubprocessHook"}
{"timestamp":"2025-07-21T16:46:55.235793","level":"info","event":"\u001b[0m16:46:55  5 of 7 START sql view model PUBLIC.dim_products ................................ [RUN]","logger":"airflow.task.hooks.airflow.providers.standard.hooks.subprocess.SubprocessHook"}
{"timestamp":"2025-07-21T16:46:55.781286","level":"info","event":"\u001b[0m16:46:55  5 of 7 OK created sql view model PUBLIC.dim_products ........................... [\u001b[32mSUCCESS 1\u001b[0m in 0.54s]","logger":"airflow.task.hooks.airflow.providers.standard.hooks.subprocess.SubprocessHook"}
{"timestamp":"2025-07-21T16:46:55.784141","level":"info","event":"\u001b[0m16:46:55  6 of 7 START sql view model PUBLIC.fct_sales ................................... [RUN]","logger":"airflow.task.hooks.airflow.providers.standard.hooks.subprocess.SubprocessHook"}
{"timestamp":"2025-07-21T16:46:56.605169","level":"info","event":"\u001b[0m16:46:56  6 of 7 OK created sql view model PUBLIC.fct_sales .............................. [\u001b[32mSUCCESS 1\u001b[0m in 0.82s]","logger":"airflow.task.hooks.airflow.providers.standard.hooks.subprocess.SubprocessHook"}
{"timestamp":"2025-07-21T16:46:56.609819","level":"info","event":"\u001b[0m16:46:56  7 of 7 START sql view model PUBLIC.rpt_sales_by_region ......................... [RUN]","logger":"airflow.task.hooks.airflow.providers.standard.hooks.subprocess.SubprocessHook"}
{"timestamp":"2025-07-21T16:46:57.264347","level":"info","event":"\u001b[0m16:46:57  7 of 7 OK created sql view model PUBLIC.rpt_sales_by_region .................... [\u001b[32mSUCCESS 1\u001b[0m in 0.65s]","logger":"airflow.task.hooks.airflow.providers.standard.hooks.subprocess.SubprocessHook"}
{"timestamp":"2025-07-21T16:46:57.281334","level":"info","event":"\u001b[0m16:46:57","logger":"airflow.task.hooks.airflow.providers.standard.hooks.subprocess.SubprocessHook"}
{"timestamp":"2025-07-21T16:46:57.287973","level":"info","event":"\u001b[0m16:46:57  Finished running 7 view models in 0 hours 0 minutes and 5.13 seconds (5.13s).","logger":"airflow.task.hooks.airflow.providers.standard.hooks.subprocess.SubprocessHook"}
{"timestamp":"2025-07-21T16:46:57.420499","level":"info","event":"\u001b[0m16:46:57","logger":"airflow.task.hooks.airflow.providers.standard.hooks.subprocess.SubprocessHook"}
{"timestamp":"2025-07-21T16:46:57.421741","level":"info","event":"\u001b[0m16:46:57  \u001b[32mCompleted successfully\u001b[0m","logger":"airflow.task.hooks.airflow.providers.standard.hooks.subprocess.SubprocessHook"}
{"timestamp":"2025-07-21T16:46:57.422760","level":"info","event":"\u001b[0m16:46:57","logger":"airflow.task.hooks.airflow.providers.standard.hooks.subprocess.SubprocessHook"}
{"timestamp":"2025-07-21T16:46:57.423786","level":"info","event":"\u001b[0m16:46:57  Done. PASS=7 WARN=0 ERROR=0 SKIP=0 TOTAL=7","logger":"airflow.task.hooks.airflow.providers.standard.hooks.subprocess.SubprocessHook"}
{"timestamp":"2025-07-21T16:46:58.484212","level":"info","event":"Command exited with return code 0","logger":"airflow.task.hooks.airflow.providers.standard.hooks.subprocess.SubprocessHook"}
{"timestamp":"2025-07-21T16:46:58.485930","level":"info","event":"Pushing xcom","ti":"RuntimeTaskInstance(id=UUID('01982de1-33af-73ee-aaa5-f4c7c74135bd'), task_id='dbt_run', dag_id='Lasya_Project_1_DAG', run_id='manual__2025-07-21T16:46:30.298824+00:00', try_number=1, map_index=-1, hostname='d4065fed1cc7', context_carrier={}, task=<Task(BashOperator): dbt_run>, bundle_instance=LocalDagBundle(name=dags-folder), max_tries=1, start_date=datetime.datetime(2025, 7, 21, 16, 46, 44, 484268, tzinfo=datetime.timezone.utc), end_date=None, state=<TaskInstanceState.RUNNING: 'running'>, is_mapped=False, rendered_map_index=None, log_url='http://localhost:8080/dags/Lasya_Project_1_DAG/runs/manual__2025-07-21T16%3A46%3A30.298824%2B00%3A00/tasks/dbt_run?try_number=1')","logger":"task"}
{"timestamp":"2025-07-21T16:46:58.532039Z","level":"info","event":"Task instance in success state","chan":"stdout","logger":"task"}
{"timestamp":"2025-07-21T16:46:58.532798Z","level":"info","event":" Previous state of the Task instance: TaskInstanceState.RUNNING","chan":"stdout","logger":"task"}
{"timestamp":"2025-07-21T16:46:58.533410Z","level":"info","event":"Task operator:<Task(BashOperator): dbt_run>","chan":"stdout","logger":"task"}
